[0m[[0m[0mdebug[0m] [0m[0m> Exec(console, Some(ad0776bd-a579-4ce3-a34d-0f557d5d0527), Some(CommandSource(console0)))[0m
[0m[[0m[0mdebug[0m] [0m[0mEvaluating tasks: Compile / console[0m
[0m[[0m[0mdebug[0m] [0m[0mRunning task... Cancel: Signal, check cycles: false, forcegc: true[0m
[0m[[0m[0mdebug[0m] [0m[0mjsonRpcNotify: JsonRpcNotificationMessage(2.0, build/taskStart, {"taskId":{"id":"22","parents":[]},"eventTime":1690031787234,"message":"Compiling fpscala","dataKind":"compile-task","data":{"target":{"uri":"file:/home/mrocco/workspace/fpscala/#fpscala/Compile"}}})[0m
[0m[[0m[0mdebug[0m] [0m[0mjsonRpcNotify: JsonRpcNotificationMessage(2.0, build/taskStart, {"taskId":{"id":"22","parents":[]},"eventTime":1690031787234,"message":"Compiling fpscala","dataKind":"compile-task","data":{"target":{"uri":"file:/home/mrocco/workspace/fpscala/#fpscala/Compile"}}})[0m
[0m[[0m[0mdebug[0m] [0m[0mjsonRpcNotify: JsonRpcNotificationMessage(2.0, build/taskFinish, {"taskId":{"id":"22","parents":[]},"eventTime":1690031787242,"message":"Compiled fpscala","status":1,"dataKind":"compile-report","data":{"target":{"uri":"file:/home/mrocco/workspace/fpscala/#fpscala/Compile"},"errors":0,"warnings":0,"time":8}})[0m
[0m[[0m[0mdebug[0m] [0m[0mjsonRpcNotify: JsonRpcNotificationMessage(2.0, build/taskFinish, {"taskId":{"id":"22","parents":[]},"eventTime":1690031787242,"message":"Compiled fpscala","status":1,"dataKind":"compile-report","data":{"target":{"uri":"file:/home/mrocco/workspace/fpscala/#fpscala/Compile"},"errors":0,"warnings":0,"time":8}})[0m
[0m[[0m[0minfo[0m] [0m[0mNon-compiled module 'compiler-bridge_2.12' for Scala 2.12.18. Compiling...[0m
[0m[[0m[0mdebug[0m] [0m[0mjsonRpcNotify: JsonRpcNotificationMessage(2.0, build/logMessage, {"type":3,"message":"Non-compiled module 'compiler-bridge_2.12' for Scala 2.12.18. Compiling..."})[0m
[0m[[0m[0mdebug[0m] [0m[0mjsonRpcNotify: JsonRpcNotificationMessage(2.0, build/logMessage, {"type":3,"message":"Non-compiled module 'compiler-bridge_2.12' for Scala 2.12.18. Compiling..."})[0m
[0m[[0m[0minfo[0m] [0m[0m  Compilation completed in 9.014s.[0m
[0m[[0m[0mdebug[0m] [0m[0mjsonRpcNotify: JsonRpcNotificationMessage(2.0, build/logMessage, {"type":3,"message":"  Compilation completed in 9.014s."})[0m
[0m[[0m[0mdebug[0m] [0m[0mjsonRpcNotify: JsonRpcNotificationMessage(2.0, build/logMessage, {"type":3,"message":"  Compilation completed in 9.014s."})[0m
[0m[[0m[0minfo[0m] [0m[0mStarting scala interpreter...[0m
[0m[[0m[0mdebug[0m] [0m[0mjsonRpcNotify: JsonRpcNotificationMessage(2.0, build/logMessage, {"type":3,"message":"Starting scala interpreter..."})[0m
[0m[[0m[0mdebug[0m] [0m[0mjsonRpcNotify: JsonRpcNotificationMessage(2.0, build/logMessage, {"type":3,"message":"Starting scala interpreter..."})[0m
[0m[[0m[0mdebug[0m] [0m[0mjsonRpcNotify: JsonRpcNotificationMessage(2.0, build/logMessage, {"type":3,"message":""})[0m
[0m[[0m[0mdebug[0m] [0m[0mjsonRpcNotify: JsonRpcNotificationMessage(2.0, build/logMessage, {"type":3,"message":""})[0m
[0m[[0m[33mwarn[0m] [0m[0mCanceling execution...[0m
[0m[[0m[0mdebug[0m] [0m[0mjsonRpcNotify: JsonRpcNotificationMessage(2.0, shutdown, [true,null])[0m
[0m[[0m[0mdebug[0m] [0m[0mjsonRpcNotify: JsonRpcNotificationMessage(2.0, shutdown, [true,null])[0m
[0m[[0m[0minfo[0m] [0m[0mshutting down sbt server[0m
