[0m[[0m[0mdebug[0m] [0m[0m> Exec(sbtStashOnFailure, None, None)[0m
[0m[[0m[0mdebug[0m] [0m[0m> Exec(sbtMapExec 8 __1e0bb9cc-f2fe-4ca6-9598-e5335dd5f322, None, None)[0m
[0m[[0m[0mdebug[0m] [0m[0m> Exec(bspBuildTargetJVMRunEnvironment file:/home/mrocco/workspace/fpscala/#fpscala/Compile file:/home/mrocco/workspace/fpscala/#fpscala-build file:/home/mrocco/workspace/fpscala/#fpscala/Test, Some(__1e0bb9cc-f2fe-4ca6-9598-e5335dd5f322), Some(CommandSource(network-3)))[0m
[0m[[0m[0mdebug[0m] [0m[0mjsonRpcNotify: JsonRpcNotificationMessage(2.0, build/logMessage, {"type":4,"message":"Processing buildTarget/jvmRunEnvironment"})[0m
[0m[[0m[0mdebug[0m] [0m[0mEvaluating tasks: Compile / bspBuildTargetJVMRunEnvironment[0m
[0m[[0m[0mdebug[0m] [0m[0mRunning task... Cancel: Signal, check cycles: false, forcegc: true[0m
[0m[[0m[0mdebug[0m] [0m[0mjsonRpcNotify: JsonRpcNotificationMessage(2.0, build/taskStart, {"taskId":{"id":"20","parents":[]},"eventTime":1690031766507,"message":"Compiling fpscala","dataKind":"compile-task","data":{"target":{"uri":"file:/home/mrocco/workspace/fpscala/#fpscala/Compile"}}})[0m
[0m[[0m[0mdebug[0m] [0m[0mjsonRpcNotify: JsonRpcNotificationMessage(2.0, build/taskStart, {"taskId":{"id":"20","parents":[]},"eventTime":1690031766507,"message":"Compiling fpscala","dataKind":"compile-task","data":{"target":{"uri":"file:/home/mrocco/workspace/fpscala/#fpscala/Compile"}}})[0m
[0m[[0m[0mdebug[0m] [0m[0mjsonRpcNotify: JsonRpcNotificationMessage(2.0, build/taskFinish, {"taskId":{"id":"20","parents":[]},"eventTime":1690031766517,"message":"Compiled fpscala","status":1,"dataKind":"compile-report","data":{"target":{"uri":"file:/home/mrocco/workspace/fpscala/#fpscala/Compile"},"errors":0,"warnings":0,"time":10}})[0m
[0m[[0m[0mdebug[0m] [0m[0mjsonRpcNotify: JsonRpcNotificationMessage(2.0, build/taskFinish, {"taskId":{"id":"20","parents":[]},"eventTime":1690031766517,"message":"Compiled fpscala","status":1,"dataKind":"compile-report","data":{"target":{"uri":"file:/home/mrocco/workspace/fpscala/#fpscala/Compile"},"errors":0,"warnings":0,"time":10}})[0m
[0m[[0m[0mdebug[0m] [0m[0mjsonRpcNotify: JsonRpcNotificationMessage(2.0, build/taskStart, {"taskId":{"id":"21","parents":[]},"eventTime":1690031766525,"message":"Compiling fpscala-test","dataKind":"compile-task","data":{"target":{"uri":"file:/home/mrocco/workspace/fpscala/#fpscala/Test"}}})[0m
[0m[[0m[0mdebug[0m] [0m[0mjsonRpcNotify: JsonRpcNotificationMessage(2.0, build/taskStart, {"taskId":{"id":"21","parents":[]},"eventTime":1690031766525,"message":"Compiling fpscala-test","dataKind":"compile-task","data":{"target":{"uri":"file:/home/mrocco/workspace/fpscala/#fpscala/Test"}}})[0m
[0m[[0m[0mdebug[0m] [0m[0mjsonRpcNotify: JsonRpcNotificationMessage(2.0, build/taskFinish, {"taskId":{"id":"21","parents":[]},"eventTime":1690031766541,"message":"Compiled fpscala-test","status":1,"dataKind":"compile-report","data":{"target":{"uri":"file:/home/mrocco/workspace/fpscala/#fpscala/Test"},"errors":0,"warnings":0,"time":16}})[0m
[0m[[0m[0mdebug[0m] [0m[0mjsonRpcNotify: JsonRpcNotificationMessage(2.0, build/taskFinish, {"taskId":{"id":"21","parents":[]},"eventTime":1690031766541,"message":"Compiled fpscala-test","status":1,"dataKind":"compile-report","data":{"target":{"uri":"file:/home/mrocco/workspace/fpscala/#fpscala/Test"},"errors":0,"warnings":0,"time":16}})[0m
[0m[[0m[32msuccess[0m] [0m[0mTotal time: 0 s, completed Jul 22, 2023, 3:16:06 PM[0m
[0m[[0m[0mdebug[0m] [0m[0m> Exec(sbtCompleteExec 8, None, None)[0m
[0m[[0m[0mdebug[0m] [0m[0m> Exec(resumeFromFailure, None, None)[0m
[0m[[0m[0mdebug[0m] [0m[0m> Exec(sbtPopOnFailure, None, None)[0m
[0m[[0m[0mdebug[0m] [0m[0m> Exec(sbtReportResult 8, Some(8), Some(CommandSource(network-3)))[0m
[0m[[0m[0mdebug[0m] [0m[0munmatched Processing event for requestId Some(8): None[0m
[0m[[0m[0mdebug[0m] [0m[0munmatched json response for requestId Some(8): {"status":"Done","channelName":"network-3","execId":"8","commandQueue":["shell"],"exitCode":0}[0m
[0m[[0m[0mdebug[0m] [0m[0m> Exec(shell, None, None)[0m
