2023.09.05 11:19:45 INFO  Started: Metals version 1.0.1 in folders '/home/mrocco/workspace/fpscala' for client Visual Studio Code 1.81.1.[0m
Sep 05, 2023 11:19:45 AM org.flywaydb.core.internal.license.VersionPrinter printVersionOnly
INFO: Flyway Community Edition 9.21.2 by Redgate
Sep 05, 2023 11:19:45 AM org.flywaydb.core.internal.license.VersionPrinter printVersion
INFO: See release notes here: https://rd.gt/416ObMi
Sep 05, 2023 11:19:45 AM org.flywaydb.core.internal.license.VersionPrinter printVersion
INFO: 
Sep 05, 2023 11:19:45 AM org.flywaydb.core.FlywayExecutor execute
INFO: Database: jdbc:h2:file:/home/mrocco/workspace/fpscala/.metals/metals (H2 2.1)
Sep 05, 2023 11:19:45 AM org.flywaydb.core.internal.schemahistory.JdbcTableSchemaHistory allAppliedMigrations
INFO: Schema history table "PUBLIC"."flyway_schema_history" does not exist yet
Sep 05, 2023 11:19:45 AM org.flywaydb.core.internal.command.DbValidate validate
INFO: Successfully validated 4 migrations (execution time 00:00.026s)
Sep 05, 2023 11:19:45 AM org.flywaydb.core.internal.schemahistory.JdbcTableSchemaHistory create
INFO: Creating Schema History table "PUBLIC"."flyway_schema_history" ...
Sep 05, 2023 11:19:45 AM org.flywaydb.core.internal.command.DbMigrate migrateGroup
INFO: Current version of schema "PUBLIC": << Empty Schema >>
Sep 05, 2023 11:19:45 AM org.flywaydb.core.internal.command.DbMigrate doMigrateGroup
INFO: Migrating schema "PUBLIC" to version "1 - Create tables"
Sep 05, 2023 11:19:45 AM org.flywaydb.core.internal.command.DbMigrate doMigrateGroup
INFO: Migrating schema "PUBLIC" to version "2 - Server discovery"
Sep 05, 2023 11:19:45 AM org.flywaydb.core.internal.command.DbMigrate doMigrateGroup
INFO: Migrating schema "PUBLIC" to version "3 - Jar symbols"
Sep 05, 2023 11:19:45 AM org.flywaydb.core.internal.command.DbMigrate doMigrateGroup
INFO: Migrating schema "PUBLIC" to version "4 - Fingerprints"
Sep 05, 2023 11:19:45 AM org.flywaydb.core.internal.command.DbMigrate logSummary
INFO: Successfully applied 4 migrations to schema "PUBLIC", now at version v4 (execution time 00:00.032s)
2023.09.05 11:19:45 INFO  time: initialize in 0.84s[0m
2023.09.05 11:19:49 WARN  Build server is not auto-connectable.[0m
2023.09.05 11:19:49 WARN  no build tool detected in workspace '/home/mrocco/workspace/fpscala'. The most common cause for this problem is that the editor was opened in the wrong working directory, for example if you use sbt then the workspace directory should contain build.sbt. [0m
2023.09.05 11:20:28 INFO  [0m
2023.09.05 11:20:28 INFO  Template applied in /home/mrocco/workspace/fpscala/./coder[0m
2023.09.05 11:20:28 INFO  [0m
2023.09.05 11:20:28 INFO  time: ran 'giter8.Giter8' in 5.88s[0m
2023.09.05 11:20:46 INFO  Shutting down server[0m
2023.09.05 11:20:46 INFO  shutting down Metals[0m
2023.09.05 11:20:46 INFO  Exiting server[0m
